<?xml version="1.0" encoding="UTF-8"?>
<testng-results skipped="0" failed="0" ignored="0" total="1" passed="1">
  <reporter-output>
  </reporter-output>
  <suite name="Default suite" duration-ms="12452" started-at="2019-11-18T05:12:45Z" finished-at="2019-11-18T05:12:58Z">
    <groups>
    </groups>
    <test name="Default test" duration-ms="12452" started-at="2019-11-18T05:12:45Z" finished-at="2019-11-18T05:12:58Z">
      <class name="simple.Tests">
        <test-method status="PASS" signature="magentoLogin()[pri:0, instance:simple.Tests@457e2f02]" name="magentoLogin" duration-ms="12431" started-at="2019-11-18T10:42:45Z" finished-at="2019-11-18T10:42:58Z">
          <reporter-output>
          </reporter-output>
        </test-method> <!-- magentoLogin -->
      </class> <!-- simple.Tests -->
    </test> <!-- Default test -->
  </suite> <!-- Default suite -->
</testng-results>
